Release 14.7 - xst P.20131013 (lin64)
Copyright (c) 1995-2013 Xilinx, Inc.  All rights reserved.
--> 
Parameter TMPDIR set to xst/projnav.tmp


Total REAL time to Xst completion: 0.00 secs
Total CPU time to Xst completion: 0.10 secs
 
--> 
Parameter xsthdpdir set to xst


Total REAL time to Xst completion: 0.00 secs
Total CPU time to Xst completion: 0.10 secs
 
--> 
Reading design: lcd_top.prj

TABLE OF CONTENTS
  1) Synthesis Options Summary
  2) HDL Compilation
  3) Design Hierarchy Analysis
  4) HDL Analysis
  5) HDL Synthesis
     5.1) HDL Synthesis Report
  6) Advanced HDL Synthesis
     6.1) Advanced HDL Synthesis Report
  7) Low Level Synthesis
  8) Partition Report
  9) Final Report
	9.1) Device utilization summary
	9.2) Partition Resource Summary
	9.3) TIMING REPORT


=========================================================================
*                      Synthesis Options Summary                        *
=========================================================================
---- Source Parameters
Input File Name                    : "lcd_top.prj"
Input Format                       : mixed
Ignore Synthesis Constraint File   : NO

---- Target Parameters
Output File Name                   : "lcd_top"
Output Format                      : NGC
Target Device                      : xc3s500e-4-fg320

---- Source Options
Top Module Name                    : lcd_top
Automatic FSM Extraction           : YES
FSM Encoding Algorithm             : Auto
Safe Implementation                : No
FSM Style                          : LUT
RAM Extraction                     : Yes
RAM Style                          : Auto
ROM Extraction                     : Yes
Mux Style                          : Auto
Decoder Extraction                 : YES
Priority Encoder Extraction        : Yes
Shift Register Extraction          : YES
Logical Shifter Extraction         : YES
XOR Collapsing                     : YES
ROM Style                          : Auto
Mux Extraction                     : Yes
Resource Sharing                   : YES
Asynchronous To Synchronous        : NO
Multiplier Style                   : Auto
Automatic Register Balancing       : No

---- Target Options
Add IO Buffers                     : YES
Global Maximum Fanout              : 500
Add Generic Clock Buffer(BUFG)     : 24
Register Duplication               : YES
Slice Packing                      : YES
Optimize Instantiated Primitives   : NO
Use Clock Enable                   : Yes
Use Synchronous Set                : Yes
Use Synchronous Reset              : Yes
Pack IO Registers into IOBs        : Auto
Equivalent register Removal        : YES

---- General Options
Optimization Goal                  : Speed
Optimization Effort                : 1
Keep Hierarchy                     : No
Netlist Hierarchy                  : As_Optimized
RTL Output                         : Yes
Global Optimization                : AllClockNets
Read Cores                         : YES
Write Timing Constraints           : NO
Cross Clock Analysis               : NO
Hierarchy Separator                : /
Bus Delimiter                      : <>
Case Specifier                     : Maintain
Slice Utilization Ratio            : 100
BRAM Utilization Ratio             : 100
Verilog 2001                       : YES
Auto BRAM Packing                  : NO
Slice Utilization Ratio Delta      : 5

=========================================================================


=========================================================================
*                          HDL Compilation                              *
=========================================================================
Compiling verilog file "lcd_driver.v" in library work
Compiling verilog file "lcd_top.v" in library work
Module <lcd_driver> compiled
Module <lcd_top> compiled
No errors in compilation
Analysis of file <"lcd_top.prj"> succeeded.
 

=========================================================================
*                     Design Hierarchy Analysis                         *
=========================================================================
Analyzing hierarchy for module <lcd_top> in library <work>.

Analyzing hierarchy for module <lcd_driver> in library <work>.


=========================================================================
*                            HDL Analysis                               *
=========================================================================
Analyzing top module <lcd_top>.
Module <lcd_top> is correct for synthesis.
 
Analyzing module <lcd_driver> in library <work>.
WARNING:Xst:790 - "lcd_driver.v" line 136: Index value(s) does not match array range, simulation mismatch.
WARNING:Xst:790 - "lcd_driver.v" line 164: Index value(s) does not match array range, simulation mismatch.
Module <lcd_driver> is correct for synthesis.
 

=========================================================================
*                           HDL Synthesis                               *
=========================================================================

Performing bidirectional port resolution...
INFO:Xst:2679 - Register <lcd_w> in unit <lcd_driver> has a constant value of 0 during circuit operation. The register is replaced by logic.

Synthesizing Unit <lcd_driver>.
    Related source file is "lcd_driver.v".
WARNING:Xst:646 - Signal <db> is assigned but never used. This unconnected signal will be trimmed during the optimization process.
    Found finite state machine <FSM_0> for signal <step>.
    -----------------------------------------------------------------------
    | States             | 3                                              |
    | Transitions        | 3                                              |
    | Inputs             | 0                                              |
    | Outputs            | 3                                              |
    | Clock              | clk                       (rising_edge)        |
    | Clock enable       | step$cmp_eq0000           (positive)           |
    | Power Up State     | 01                                             |
    | Encoding           | automatic                                      |
    | Implementation     | LUT                                            |
    -----------------------------------------------------------------------
    Found finite state machine <FSM_1> for signal <state>.
    -----------------------------------------------------------------------
    | States             | 15                                             |
    | Transitions        | 17                                             |
    | Inputs             | 2                                              |
    | Outputs            | 15                                             |
    | Clock              | clk                       (rising_edge)        |
    | Clock enable       | state$not0000             (positive)           |
    | Power Up State     | 00000                                          |
    | Encoding           | automatic                                      |
    | Implementation     | LUT                                            |
    -----------------------------------------------------------------------
    Found finite state machine <FSM_2> for signal <linechange>.
    -----------------------------------------------------------------------
    | States             | 4                                              |
    | Transitions        | 6                                              |
    | Inputs             | 1                                              |
    | Outputs            | 4                                              |
    | Clock              | clk                       (rising_edge)        |
    | Clock enable       | linechange$not0000        (positive)           |
    | Power Up State     | 00                                             |
    | Encoding           | automatic                                      |
    | Implementation     | LUT                                            |
    -----------------------------------------------------------------------
    Found 1-bit register for signal <lcd_e>.
    Found 1-bit register for signal <lcd_rs>.
    Found 4-bit register for signal <data>.
    Found 21-bit up counter for signal <counter>.
    Found 8-bit register for signal <pos>.
    Found 8-bit subtractor for signal <pos$addsub0000>.
    Summary:
	inferred   3 Finite State Machine(s).
	inferred   1 Counter(s).
	inferred  14 D-type flip-flop(s).
	inferred   1 Adder/Subtractor(s).
Unit <lcd_driver> synthesized.


Synthesizing Unit <lcd_top>.
    Related source file is "lcd_top.v".
Unit <lcd_top> synthesized.

INFO:Xst:1767 - HDL ADVISOR - Resource sharing has identified that some arithmetic operations in this design can share the same physical resources for reduced device utilization. For improved clock frequency you may try to disable resource sharing.

=========================================================================
HDL Synthesis Report

Macro Statistics
# Adders/Subtractors                                   : 1
 8-bit subtractor                                      : 1
# Counters                                             : 1
 21-bit up counter                                     : 1
# Registers                                            : 4
 1-bit register                                        : 2
 4-bit register                                        : 1
 8-bit register                                        : 1

=========================================================================

=========================================================================
*                       Advanced HDL Synthesis                          *
=========================================================================

Analyzing FSM <FSM_2> for best encoding.
Optimizing FSM <lcd/linechange/FSM> on signal <linechange[1:4]> with one-hot encoding.
-------------------
 State | Encoding
-------------------
 00    | 0001
 01    | 1000
 10    | 0100
 11    | 0010
-------------------
Analyzing FSM <FSM_1> for best encoding.
Optimizing FSM <lcd/state/FSM> on signal <state[1:15]> with one-hot encoding.
--------------------------
 State | Encoding
--------------------------
 00000 | 000000000000001
 00001 | 000000000000010
 00010 | 000000000000100
 00011 | 000000000001000
 00100 | 000000000010000
 00101 | 000000000100000
 00110 | 000000001000000
 00111 | 000000010000000
 01000 | 000000100000000
 01001 | 000001000000000
 01010 | 000010000000000
 01011 | 000100000000000
 01100 | 001000000000000
 01101 | 010000000000000
 01110 | 100000000000000
--------------------------
Analyzing FSM <FSM_0> for best encoding.
Optimizing FSM <lcd/step/FSM> on signal <step[1:3]> with one-hot encoding.
-------------------
 State | Encoding
-------------------
 01    | 001
 10    | 010
 11    | 100
-------------------

=========================================================================
Advanced HDL Synthesis Report

Macro Statistics
# FSMs                                                 : 3
# Adders/Subtractors                                   : 1
 8-bit subtractor                                      : 1
# Counters                                             : 1
 21-bit up counter                                     : 1
# Registers                                            : 14
 Flip-Flops                                            : 14

=========================================================================

=========================================================================
*                         Low Level Synthesis                           *
=========================================================================

Optimizing unit <lcd_top> ...

Optimizing unit <lcd_driver> ...
WARNING:Xst:1293 - FF/Latch <pos_0> has a constant value of 1 in block <lcd_driver>. This FF/Latch will be trimmed during the optimization process.
WARNING:Xst:1896 - Due to other FF/Latch trimming, FF/Latch <pos_1> has a constant value of 1 in block <lcd_driver>. This FF/Latch will be trimmed during the optimization process.
WARNING:Xst:1293 - FF/Latch <pos_7> has a constant value of 0 in block <lcd_driver>. This FF/Latch will be trimmed during the optimization process.
WARNING:Xst:1293 - FF/Latch <pos_7> has a constant value of 0 in block <lcd_driver>. This FF/Latch will be trimmed during the optimization process.
WARNING:Xst:1293 - FF/Latch <pos_7> has a constant value of 0 in block <lcd_driver>. This FF/Latch will be trimmed during the optimization process.
WARNING:Xst:1293 - FF/Latch <pos_7> has a constant value of 0 in block <lcd_driver>. This FF/Latch will be trimmed during the optimization process.

Mapping all equations...
Building and optimizing final netlist ...
Found area constraint ratio of 100 (+ 5) on block lcd_top, actual ratio is 1.

Final Macro Processing ...

=========================================================================
Final Register Report

Macro Statistics
# Registers                                            : 54
 Flip-Flops                                            : 54

=========================================================================

=========================================================================
*                           Partition Report                            *
=========================================================================

Partition Implementation Status
-------------------------------

  No Partitions were found in this design.

-------------------------------

=========================================================================
*                            Final Report                               *
=========================================================================
Final Results
RTL Top Level Output File Name     : lcd_top.ngr
Top Level Output File Name         : lcd_top
Output Format                      : NGC
Optimization Goal                  : Speed
Keep Hierarchy                     : No

Design Statistics
# IOs                              : 8

Cell Usage :
# BELS                             : 148
#      GND                         : 1
#      INV                         : 2
#      LUT1                        : 20
#      LUT2                        : 4
#      LUT2_L                      : 3
#      LUT3                        : 5
#      LUT3_D                      : 1
#      LUT3_L                      : 3
#      LUT4                        : 47
#      LUT4_D                      : 2
#      LUT4_L                      : 9
#      MUXCY                       : 26
#      MUXF5                       : 3
#      VCC                         : 1
#      XORCY                       : 21
# FlipFlops/Latches                : 54
#      FDE                         : 33
#      FDR                         : 21
# Clock Buffers                    : 1
#      BUFGP                       : 1
# IO Buffers                       : 7
#      OBUF                        : 7
=========================================================================

Device utilization summary:
---------------------------

Selected Device : 3s500efg320-4 

 Number of Slices:                       51  out of   4656     1%  
 Number of Slice Flip Flops:             54  out of   9312     0%  
 Number of 4 input LUTs:                 96  out of   9312     1%  
 Number of IOs:                           8
 Number of bonded IOBs:                   8  out of    232     3%  
 Number of GCLKs:                         1  out of     24     4%  

---------------------------
Partition Resource Summary:
---------------------------

  No Partitions were found in this design.

---------------------------


=========================================================================
TIMING REPORT

NOTE: THESE TIMING NUMBERS ARE ONLY A SYNTHESIS ESTIMATE.
      FOR ACCURATE TIMING INFORMATION PLEASE REFER TO THE TRACE REPORT
      GENERATED AFTER PLACE-and-ROUTE.

Clock Information:
------------------
-----------------------------------+------------------------+-------+
Clock Signal                       | Clock buffer(FF name)  | Load  |
-----------------------------------+------------------------+-------+
clk                                | BUFGP                  | 54    |
-----------------------------------+------------------------+-------+

Asynchronous Control Signals Information:
----------------------------------------
No asynchronous control signals found in this design

Timing Summary:
---------------
Speed Grade: -4

   Minimum period: 6.370ns (Maximum Frequency: 156.987MHz)
   Minimum input arrival time before clock: No path found
   Maximum output required time after clock: 4.394ns
   Maximum combinational path delay: No path found

Timing Detail:
--------------
All values displayed in nanoseconds (ns)

=========================================================================
Timing constraint: Default period analysis for Clock 'clk'
  Clock period: 6.370ns (frequency: 156.987MHz)
  Total number of paths / destination ports: 1819 / 108
-------------------------------------------------------------------------
Delay:               6.370ns (Levels of Logic = 7)
  Source:            lcd/counter_8 (FF)
  Destination:       lcd/state_FSM_FFd2 (FF)
  Source Clock:      clk rising
  Destination Clock: clk rising

  Data Path: lcd/counter_8 to lcd/state_FSM_FFd2
                                Gate     Net
    Cell:in->out      fanout   Delay   Delay  Logical Name (Net Name)
    ----------------------------------------  ------------
     FDR:C->Q              2   0.591   0.622  lcd/counter_8 (lcd/counter_8)
     LUT4:I0->O            1   0.704   0.000  lcd/step_cmp_eq0000_wg_lut<1> (lcd/step_cmp_eq0000_wg_lut<1>)
     MUXCY:S->O            1   0.464   0.000  lcd/step_cmp_eq0000_wg_cy<1> (lcd/step_cmp_eq0000_wg_cy<1>)
     MUXCY:CI->O           1   0.059   0.000  lcd/step_cmp_eq0000_wg_cy<2> (lcd/step_cmp_eq0000_wg_cy<2>)
     MUXCY:CI->O           1   0.059   0.000  lcd/step_cmp_eq0000_wg_cy<3> (lcd/step_cmp_eq0000_wg_cy<3>)
     MUXCY:CI->O           1   0.059   0.000  lcd/step_cmp_eq0000_wg_cy<4> (lcd/step_cmp_eq0000_wg_cy<4>)
     MUXCY:CI->O          28   0.331   1.340  lcd/step_cmp_eq0000_wg_cy<5> (lcd/step_cmp_eq0000)
     LUT2:I1->O           10   0.704   0.882  lcd/state_not00011 (lcd/state_not0001)
     FDE:CE                    0.555          lcd/state_FSM_FFd11
    ----------------------------------------
    Total                      6.370ns (3.526ns logic, 2.844ns route)
                                       (55.4% logic, 44.6% route)

=========================================================================
Timing constraint: Default OFFSET OUT AFTER for Clock 'clk'
  Total number of paths / destination ports: 6 / 6
-------------------------------------------------------------------------
Offset:              4.394ns (Levels of Logic = 1)
  Source:            lcd/lcd_rs (FF)
  Destination:       lcd_rs (PAD)
  Source Clock:      clk rising

  Data Path: lcd/lcd_rs to lcd_rs
                                Gate     Net
    Cell:in->out      fanout   Delay   Delay  Logical Name (Net Name)
    ----------------------------------------  ------------
     FDE:C->Q              3   0.591   0.531  lcd/lcd_rs (lcd/lcd_rs)
     OBUF:I->O                 3.272          lcd_rs_OBUF (lcd_rs)
    ----------------------------------------
    Total                      4.394ns (3.863ns logic, 0.531ns route)
                                       (87.9% logic, 12.1% route)

=========================================================================


Total REAL time to Xst completion: 20.00 secs
Total CPU time to Xst completion: 10.73 secs
 
--> 


Total memory usage is 530908 kilobytes

Number of errors   :    0 (   0 filtered)
Number of warnings :    9 (   0 filtered)
Number of infos    :    2 (   0 filtered)

