--------------------------------------------------------------------------------
Release 14.7 Trace  (lin64)
Copyright (c) 1995-2013 Xilinx, Inc.  All rights reserved.

/opt/Xilinx/14.7/ISE_DS/ISE/bin/lin64/unwrapped/trce -intstyle ise -v 3 -s 4 -n
3 -fastpaths -xml rotor_top.twx rotor_top.ncd -o rotor_top.twr rotor_top.pcf
-ucf rotor_top.ucf

Design file:              rotor_top.ncd
Physical constraint file: rotor_top.pcf
Device,package,speed:     xc3s500e,fg320,-4 (PRODUCTION 1.27 2013-10-13)
Report level:             verbose report

Environment Variable      Effect 
--------------------      ------ 
NONE                      No environment variables were set
--------------------------------------------------------------------------------

INFO:Timing:3412 - To improve timing, see the Timing Closure User Guide (UG612).
INFO:Timing:2752 - To get complete path coverage, use the unconstrained paths 
   option. All paths that are not constrained will be reported in the 
   unconstrained paths section(s) of the report.
INFO:Timing:3339 - The clock-to-out numbers in this timing report are based on 
   a 50 Ohm transmission line loading model.  For the details of this model, 
   and for more information on accounting for different loading conditions, 
   please see the device datasheet.
INFO:Timing:3390 - This architecture does not support a default System Jitter 
   value, please add SYSTEM_JITTER constraint to the UCF to modify the Clock 
   Uncertainty calculation.
INFO:Timing:3389 - This architecture does not support 'Discrete Jitter' and 
   'Phase Error' calculations, these terms will be zero in the Clock 
   Uncertainty calculation.  Please make appropriate modification to 
   SYSTEM_JITTER to account for the unsupported Discrete Jitter and Phase 
   Error.

================================================================================
Timing constraint: NET "clk_BUFGP/IBUFG" PERIOD = 20 ns HIGH 50%;
For more information, see Period Analysis in the Timing Closure User Guide (UG612).

 41 paths analyzed, 33 endpoints analyzed, 0 failing endpoints
 0 timing errors detected. (0 setup errors, 0 hold errors, 0 component switching limit errors)
 Minimum period is   4.005ns.
--------------------------------------------------------------------------------

Paths for end point L0/led_3 (SLICE_X45Y85.CE), 2 paths
--------------------------------------------------------------------------------
Slack (setup path):     15.995ns (requirement - (data path - clock path skew + uncertainty))
  Source:               R0/rot_event (FF)
  Destination:          L0/led_3 (FF)
  Requirement:          20.000ns
  Data Path Delay:      4.005ns (Levels of Logic = 1)
  Clock Path Skew:      0.000ns
  Source Clock:         clk_BUFGP rising at 0.000ns
  Destination Clock:    clk_BUFGP rising at 20.000ns
  Clock Uncertainty:    0.000ns

  Maximum Data Path: R0/rot_event to L0/led_3
    Location             Delay type         Delay(ns)  Physical Resource
                                                       Logical Resource(s)
    -------------------------------------------------  -------------------
    SLICE_X53Y73.YQ      Tcko                  0.587   R0/rot_event
                                                       R0/rot_event
    SLICE_X46Y81.G2      net (fanout=2)        1.257   R0/rot_event
    SLICE_X46Y81.Y       Tilo                  0.759   L0/led_0_and0000
                                                       L0/led_0_and00001
    SLICE_X45Y85.CE      net (fanout=4)        0.847   L0/led_0_and0000
    SLICE_X45Y85.CLK     Tceck                 0.555   L0/led<3>
                                                       L0/led_3
    -------------------------------------------------  ---------------------------
    Total                                      4.005ns (1.901ns logic, 2.104ns route)
                                                       (47.5% logic, 52.5% route)

--------------------------------------------------------------------------------
Slack (setup path):     16.763ns (requirement - (data path - clock path skew + uncertainty))
  Source:               L0/prev_rot_event (FF)
  Destination:          L0/led_3 (FF)
  Requirement:          20.000ns
  Data Path Delay:      3.237ns (Levels of Logic = 1)
  Clock Path Skew:      0.000ns
  Source Clock:         clk_BUFGP rising at 0.000ns
  Destination Clock:    clk_BUFGP rising at 20.000ns
  Clock Uncertainty:    0.000ns

  Maximum Data Path: L0/prev_rot_event to L0/led_3
    Location             Delay type         Delay(ns)  Physical Resource
                                                       Logical Resource(s)
    -------------------------------------------------  -------------------
    SLICE_X46Y80.YQ      Tcko                  0.652   L0/prev_rot_event
                                                       L0/prev_rot_event
    SLICE_X46Y81.G4      net (fanout=1)        0.424   L0/prev_rot_event
    SLICE_X46Y81.Y       Tilo                  0.759   L0/led_0_and0000
                                                       L0/led_0_and00001
    SLICE_X45Y85.CE      net (fanout=4)        0.847   L0/led_0_and0000
    SLICE_X45Y85.CLK     Tceck                 0.555   L0/led<3>
                                                       L0/led_3
    -------------------------------------------------  ---------------------------
    Total                                      3.237ns (1.966ns logic, 1.271ns route)
                                                       (60.7% logic, 39.3% route)

--------------------------------------------------------------------------------

Paths for end point L0/led_2 (SLICE_X45Y85.CE), 2 paths
--------------------------------------------------------------------------------
Slack (setup path):     15.995ns (requirement - (data path - clock path skew + uncertainty))
  Source:               R0/rot_event (FF)
  Destination:          L0/led_2 (FF)
  Requirement:          20.000ns
  Data Path Delay:      4.005ns (Levels of Logic = 1)
  Clock Path Skew:      0.000ns
  Source Clock:         clk_BUFGP rising at 0.000ns
  Destination Clock:    clk_BUFGP rising at 20.000ns
  Clock Uncertainty:    0.000ns

  Maximum Data Path: R0/rot_event to L0/led_2
    Location             Delay type         Delay(ns)  Physical Resource
                                                       Logical Resource(s)
    -------------------------------------------------  -------------------
    SLICE_X53Y73.YQ      Tcko                  0.587   R0/rot_event
                                                       R0/rot_event
    SLICE_X46Y81.G2      net (fanout=2)        1.257   R0/rot_event
    SLICE_X46Y81.Y       Tilo                  0.759   L0/led_0_and0000
                                                       L0/led_0_and00001
    SLICE_X45Y85.CE      net (fanout=4)        0.847   L0/led_0_and0000
    SLICE_X45Y85.CLK     Tceck                 0.555   L0/led<3>
                                                       L0/led_2
    -------------------------------------------------  ---------------------------
    Total                                      4.005ns (1.901ns logic, 2.104ns route)
                                                       (47.5% logic, 52.5% route)

--------------------------------------------------------------------------------
Slack (setup path):     16.763ns (requirement - (data path - clock path skew + uncertainty))
  Source:               L0/prev_rot_event (FF)
  Destination:          L0/led_2 (FF)
  Requirement:          20.000ns
  Data Path Delay:      3.237ns (Levels of Logic = 1)
  Clock Path Skew:      0.000ns
  Source Clock:         clk_BUFGP rising at 0.000ns
  Destination Clock:    clk_BUFGP rising at 20.000ns
  Clock Uncertainty:    0.000ns

  Maximum Data Path: L0/prev_rot_event to L0/led_2
    Location             Delay type         Delay(ns)  Physical Resource
                                                       Logical Resource(s)
    -------------------------------------------------  -------------------
    SLICE_X46Y80.YQ      Tcko                  0.652   L0/prev_rot_event
                                                       L0/prev_rot_event
    SLICE_X46Y81.G4      net (fanout=1)        0.424   L0/prev_rot_event
    SLICE_X46Y81.Y       Tilo                  0.759   L0/led_0_and0000
                                                       L0/led_0_and00001
    SLICE_X45Y85.CE      net (fanout=4)        0.847   L0/led_0_and0000
    SLICE_X45Y85.CLK     Tceck                 0.555   L0/led<3>
                                                       L0/led_2
    -------------------------------------------------  ---------------------------
    Total                                      3.237ns (1.966ns logic, 1.271ns route)
                                                       (60.7% logic, 39.3% route)

--------------------------------------------------------------------------------

Paths for end point L0/led_5 (SLICE_X42Y84.CE), 2 paths
--------------------------------------------------------------------------------
Slack (setup path):     16.264ns (requirement - (data path - clock path skew + uncertainty))
  Source:               R0/rot_event (FF)
  Destination:          L0/led_5 (FF)
  Requirement:          20.000ns
  Data Path Delay:      3.736ns (Levels of Logic = 1)
  Clock Path Skew:      0.000ns
  Source Clock:         clk_BUFGP rising at 0.000ns
  Destination Clock:    clk_BUFGP rising at 20.000ns
  Clock Uncertainty:    0.000ns

  Maximum Data Path: R0/rot_event to L0/led_5
    Location             Delay type         Delay(ns)  Physical Resource
                                                       Logical Resource(s)
    -------------------------------------------------  -------------------
    SLICE_X53Y73.YQ      Tcko                  0.587   R0/rot_event
                                                       R0/rot_event
    SLICE_X46Y81.G2      net (fanout=2)        1.257   R0/rot_event
    SLICE_X46Y81.Y       Tilo                  0.759   L0/led_0_and0000
                                                       L0/led_0_and00001
    SLICE_X42Y84.CE      net (fanout=4)        0.578   L0/led_0_and0000
    SLICE_X42Y84.CLK     Tceck                 0.555   L0/led<5>
                                                       L0/led_5
    -------------------------------------------------  ---------------------------
    Total                                      3.736ns (1.901ns logic, 1.835ns route)
                                                       (50.9% logic, 49.1% route)

--------------------------------------------------------------------------------
Slack (setup path):     17.032ns (requirement - (data path - clock path skew + uncertainty))
  Source:               L0/prev_rot_event (FF)
  Destination:          L0/led_5 (FF)
  Requirement:          20.000ns
  Data Path Delay:      2.968ns (Levels of Logic = 1)
  Clock Path Skew:      0.000ns
  Source Clock:         clk_BUFGP rising at 0.000ns
  Destination Clock:    clk_BUFGP rising at 20.000ns
  Clock Uncertainty:    0.000ns

  Maximum Data Path: L0/prev_rot_event to L0/led_5
    Location             Delay type         Delay(ns)  Physical Resource
                                                       Logical Resource(s)
    -------------------------------------------------  -------------------
    SLICE_X46Y80.YQ      Tcko                  0.652   L0/prev_rot_event
                                                       L0/prev_rot_event
    SLICE_X46Y81.G4      net (fanout=1)        0.424   L0/prev_rot_event
    SLICE_X46Y81.Y       Tilo                  0.759   L0/led_0_and0000
                                                       L0/led_0_and00001
    SLICE_X42Y84.CE      net (fanout=4)        0.578   L0/led_0_and0000
    SLICE_X42Y84.CLK     Tceck                 0.555   L0/led<5>
                                                       L0/led_5
    -------------------------------------------------  ---------------------------
    Total                                      2.968ns (1.966ns logic, 1.002ns route)
                                                       (66.2% logic, 33.8% route)

--------------------------------------------------------------------------------

Hold Paths: NET "clk_BUFGP/IBUFG" PERIOD = 20 ns HIGH 50%;
--------------------------------------------------------------------------------

Paths for end point L0/led_3 (SLICE_X45Y85.F4), 1 path
--------------------------------------------------------------------------------
Slack (hold path):      1.372ns (requirement - (clock path skew + uncertainty - data path))
  Source:               L0/led_2 (FF)
  Destination:          L0/led_3 (FF)
  Requirement:          0.000ns
  Data Path Delay:      1.372ns (Levels of Logic = 1)
  Clock Path Skew:      0.000ns
  Source Clock:         clk_BUFGP rising at 20.000ns
  Destination Clock:    clk_BUFGP rising at 20.000ns
  Clock Uncertainty:    0.000ns

  Minimum Data Path: L0/led_2 to L0/led_3
    Location             Delay type         Delay(ns)  Physical Resource
                                                       Logical Resource(s)
    -------------------------------------------------  -------------------
    SLICE_X45Y85.YQ      Tcko                  0.470   L0/led<3>
                                                       L0/led_2
    SLICE_X45Y85.F4      net (fanout=3)        0.386   L0/led<2>
    SLICE_X45Y85.CLK     Tckf        (-Th)    -0.516   L0/led<3>
                                                       L0/led_3_mux00001
                                                       L0/led_3
    -------------------------------------------------  ---------------------------
    Total                                      1.372ns (0.986ns logic, 0.386ns route)
                                                       (71.9% logic, 28.1% route)

--------------------------------------------------------------------------------

Paths for end point L0/led_2 (SLICE_X45Y85.G3), 1 path
--------------------------------------------------------------------------------
Slack (hold path):      1.410ns (requirement - (clock path skew + uncertainty - data path))
  Source:               L0/led_1 (FF)
  Destination:          L0/led_2 (FF)
  Requirement:          0.000ns
  Data Path Delay:      1.410ns (Levels of Logic = 1)
  Clock Path Skew:      0.000ns
  Source Clock:         clk_BUFGP rising at 20.000ns
  Destination Clock:    clk_BUFGP rising at 20.000ns
  Clock Uncertainty:    0.000ns

  Minimum Data Path: L0/led_1 to L0/led_2
    Location             Delay type         Delay(ns)  Physical Resource
                                                       Logical Resource(s)
    -------------------------------------------------  -------------------
    SLICE_X44Y84.XQ      Tcko                  0.474   L0/led<1>
                                                       L0/led_1
    SLICE_X45Y85.G3      net (fanout=3)        0.420   L0/led<1>
    SLICE_X45Y85.CLK     Tckg        (-Th)    -0.516   L0/led<3>
                                                       L0/led_2_mux00001
                                                       L0/led_2
    -------------------------------------------------  ---------------------------
    Total                                      1.410ns (0.990ns logic, 0.420ns route)
                                                       (70.2% logic, 29.8% route)

--------------------------------------------------------------------------------

Paths for end point L0/led_4 (SLICE_X42Y84.G3), 1 path
--------------------------------------------------------------------------------
Slack (hold path):      1.414ns (requirement - (clock path skew + uncertainty - data path))
  Source:               L0/led_3 (FF)
  Destination:          L0/led_4 (FF)
  Requirement:          0.000ns
  Data Path Delay:      1.421ns (Levels of Logic = 1)
  Clock Path Skew:      0.007ns (0.037 - 0.030)
  Source Clock:         clk_BUFGP rising at 20.000ns
  Destination Clock:    clk_BUFGP rising at 20.000ns
  Clock Uncertainty:    0.000ns

  Minimum Data Path: L0/led_3 to L0/led_4
    Location             Delay type         Delay(ns)  Physical Resource
                                                       Logical Resource(s)
    -------------------------------------------------  -------------------
    SLICE_X45Y85.XQ      Tcko                  0.473   L0/led<3>
                                                       L0/led_3
    SLICE_X42Y84.G3      net (fanout=3)        0.388   L0/led<3>
    SLICE_X42Y84.CLK     Tckg        (-Th)    -0.560   L0/led<5>
                                                       L0/led_4_mux00001
                                                       L0/led_4
    -------------------------------------------------  ---------------------------
    Total                                      1.421ns (1.033ns logic, 0.388ns route)
                                                       (72.7% logic, 27.3% route)

--------------------------------------------------------------------------------

Component Switching Limit Checks: NET "clk_BUFGP/IBUFG" PERIOD = 20 ns HIGH 50%;
--------------------------------------------------------------------------------
Slack: 18.348ns (period - (min low pulse limit / (low pulse / period)))
  Period: 20.000ns
  Low pulse: 10.000ns
  Low pulse limit: 0.826ns (Tcl)
  Physical resource: L0/led<1>/CLK
  Logical resource: L0/led_1/CK
  Location pin: SLICE_X44Y84.CLK
  Clock network: clk_BUFGP
--------------------------------------------------------------------------------
Slack: 18.348ns (period - (min high pulse limit / (high pulse / period)))
  Period: 20.000ns
  High pulse: 10.000ns
  High pulse limit: 0.826ns (Tch)
  Physical resource: L0/led<1>/CLK
  Logical resource: L0/led_1/CK
  Location pin: SLICE_X44Y84.CLK
  Clock network: clk_BUFGP
--------------------------------------------------------------------------------
Slack: 18.348ns (period - min period limit)
  Period: 20.000ns
  Min period limit: 1.652ns (605.327MHz) (Tcp)
  Physical resource: L0/led<1>/CLK
  Logical resource: L0/led_1/CK
  Location pin: SLICE_X44Y84.CLK
  Clock network: clk_BUFGP
--------------------------------------------------------------------------------


All constraints were met.


Data Sheet report:
-----------------
All values displayed in nanoseconds (ns)

Clock to Setup on destination clock clk
---------------+---------+---------+---------+---------+
               | Src:Rise| Src:Fall| Src:Rise| Src:Fall|
Source Clock   |Dest:Rise|Dest:Rise|Dest:Fall|Dest:Fall|
---------------+---------+---------+---------+---------+
clk            |    4.005|         |         |         |
---------------+---------+---------+---------+---------+


Timing summary:
---------------

Timing errors: 0  Score: 0  (Setup/Max: 0, Hold: 0)

Constraints cover 41 paths, 0 nets, and 39 connections

Design statistics:
   Minimum period:   4.005ns{1}   (Maximum frequency: 249.688MHz)


------------------------------------Footnotes-----------------------------------
1)  The minimum period statistic assumes all single cycle delays.

Analysis completed Wed Feb 13 14:38:43 2019 
--------------------------------------------------------------------------------

Trace Settings:
-------------------------
Trace Settings 

Peak Memory Usage: 354 MB



