Release 14.7 - xst P.20131013 (lin64)
Copyright (c) 1995-2013 Xilinx, Inc.  All rights reserved.
--> 
Parameter TMPDIR set to xst/projnav.tmp


Total REAL time to Xst completion: 0.00 secs
Total CPU time to Xst completion: 0.09 secs
 
--> 
Parameter xsthdpdir set to xst


Total REAL time to Xst completion: 0.00 secs
Total CPU time to Xst completion: 0.09 secs
 
--> 
Reading design: rotor_top.prj

TABLE OF CONTENTS
  1) Synthesis Options Summary
  2) HDL Compilation
  3) Design Hierarchy Analysis
  4) HDL Analysis
  5) HDL Synthesis
     5.1) HDL Synthesis Report
  6) Advanced HDL Synthesis
     6.1) Advanced HDL Synthesis Report
  7) Low Level Synthesis
  8) Partition Report
  9) Final Report
	9.1) Device utilization summary
	9.2) Partition Resource Summary
	9.3) TIMING REPORT


=========================================================================
*                      Synthesis Options Summary                        *
=========================================================================
---- Source Parameters
Input File Name                    : "rotor_top.prj"
Input Format                       : mixed
Ignore Synthesis Constraint File   : NO

---- Target Parameters
Output File Name                   : "rotor_top"
Output Format                      : NGC
Target Device                      : xc3s500e-4-fg320

---- Source Options
Top Module Name                    : rotor_top
Automatic FSM Extraction           : YES
FSM Encoding Algorithm             : Auto
Safe Implementation                : No
FSM Style                          : LUT
RAM Extraction                     : Yes
RAM Style                          : Auto
ROM Extraction                     : Yes
Mux Style                          : Auto
Decoder Extraction                 : YES
Priority Encoder Extraction        : Yes
Shift Register Extraction          : YES
Logical Shifter Extraction         : YES
XOR Collapsing                     : YES
ROM Style                          : Auto
Mux Extraction                     : Yes
Resource Sharing                   : YES
Asynchronous To Synchronous        : NO
Multiplier Style                   : Auto
Automatic Register Balancing       : No

---- Target Options
Add IO Buffers                     : YES
Global Maximum Fanout              : 500
Add Generic Clock Buffer(BUFG)     : 24
Register Duplication               : YES
Slice Packing                      : YES
Optimize Instantiated Primitives   : NO
Use Clock Enable                   : Yes
Use Synchronous Set                : Yes
Use Synchronous Reset              : Yes
Pack IO Registers into IOBs        : Auto
Equivalent register Removal        : YES

---- General Options
Optimization Goal                  : Speed
Optimization Effort                : 1
Keep Hierarchy                     : No
Netlist Hierarchy                  : As_Optimized
RTL Output                         : Yes
Global Optimization                : AllClockNets
Read Cores                         : YES
Write Timing Constraints           : NO
Cross Clock Analysis               : NO
Hierarchy Separator                : /
Bus Delimiter                      : <>
Case Specifier                     : Maintain
Slice Utilization Ratio            : 100
BRAM Utilization Ratio             : 100
Verilog 2001                       : YES
Auto BRAM Packing                  : NO
Slice Utilization Ratio Delta      : 5

=========================================================================


=========================================================================
*                          HDL Compilation                              *
=========================================================================
Compiling verilog file "Rotor.v" in library work
Compiling verilog file "led_ripple.v" in library work
Module <Rotor> compiled
Compiling verilog file "rotor_top.v" in library work
Module <led_ripple> compiled
Module <rotor_top> compiled
No errors in compilation
Analysis of file <"rotor_top.prj"> succeeded.
 

=========================================================================
*                     Design Hierarchy Analysis                         *
=========================================================================
Analyzing hierarchy for module <rotor_top> in library <work>.

Analyzing hierarchy for module <Rotor> in library <work>.

Analyzing hierarchy for module <led_ripple> in library <work>.


=========================================================================
*                            HDL Analysis                               *
=========================================================================
Analyzing top module <rotor_top>.
Module <rotor_top> is correct for synthesis.
 
Analyzing module <Rotor> in library <work>.
Module <Rotor> is correct for synthesis.
 
Analyzing module <led_ripple> in library <work>.
Module <led_ripple> is correct for synthesis.
 

=========================================================================
*                           HDL Synthesis                               *
=========================================================================

Performing bidirectional port resolution...

Synthesizing Unit <Rotor>.
    Related source file is "Rotor.v".
    Found 1-bit register for signal <rot_direction>.
    Found 1-bit register for signal <rot_event>.
    Summary:
	inferred   2 D-type flip-flop(s).
Unit <Rotor> synthesized.


Synthesizing Unit <led_ripple>.
    Related source file is "led_ripple.v".
    Found 8-bit register for signal <led>.
    Found 1-bit register for signal <prev_rot_event>.
    Summary:
	inferred   9 D-type flip-flop(s).
Unit <led_ripple> synthesized.


Synthesizing Unit <rotor_top>.
    Related source file is "rotor_top.v".
Unit <rotor_top> synthesized.


=========================================================================
HDL Synthesis Report

Macro Statistics
# Registers                                            : 11
 1-bit register                                        : 11

=========================================================================

=========================================================================
*                       Advanced HDL Synthesis                          *
=========================================================================


=========================================================================
Advanced HDL Synthesis Report

Macro Statistics
# Registers                                            : 11
 Flip-Flops                                            : 11

=========================================================================

=========================================================================
*                         Low Level Synthesis                           *
=========================================================================

Optimizing unit <rotor_top> ...

Optimizing unit <led_ripple> ...

Mapping all equations...
Building and optimizing final netlist ...
Found area constraint ratio of 100 (+ 5) on block rotor_top, actual ratio is 0.

Final Macro Processing ...

=========================================================================
Final Register Report

Macro Statistics
# Registers                                            : 11
 Flip-Flops                                            : 11

=========================================================================

=========================================================================
*                           Partition Report                            *
=========================================================================

Partition Implementation Status
-------------------------------

  No Partitions were found in this design.

-------------------------------

=========================================================================
*                            Final Report                               *
=========================================================================
Final Results
RTL Top Level Output File Name     : rotor_top.ngr
Top Level Output File Name         : rotor_top
Output Format                      : NGC
Optimization Goal                  : Speed
Keep Hierarchy                     : No

Design Statistics
# IOs                              : 11

Cell Usage :
# BELS                             : 14
#      GND                         : 1
#      LUT2                        : 5
#      LUT3                        : 8
# FlipFlops/Latches                : 11
#      FD                          : 1
#      FDE                         : 9
#      FDSE                        : 1
# Clock Buffers                    : 1
#      BUFGP                       : 1
# IO Buffers                       : 10
#      IBUF                        : 2
#      OBUF                        : 8
=========================================================================

Device utilization summary:
---------------------------

Selected Device : 3s500efg320-4 

 Number of Slices:                        7  out of   4656     0%  
 Number of Slice Flip Flops:             11  out of   9312     0%  
 Number of 4 input LUTs:                 13  out of   9312     0%  
 Number of IOs:                          11
 Number of bonded IOBs:                  11  out of    232     4%  
 Number of GCLKs:                         1  out of     24     4%  

---------------------------
Partition Resource Summary:
---------------------------

  No Partitions were found in this design.

---------------------------


=========================================================================
TIMING REPORT

NOTE: THESE TIMING NUMBERS ARE ONLY A SYNTHESIS ESTIMATE.
      FOR ACCURATE TIMING INFORMATION PLEASE REFER TO THE TRACE REPORT
      GENERATED AFTER PLACE-and-ROUTE.

Clock Information:
------------------
-----------------------------------+------------------------+-------+
Clock Signal                       | Clock buffer(FF name)  | Load  |
-----------------------------------+------------------------+-------+
clk                                | BUFGP                  | 11    |
-----------------------------------+------------------------+-------+

Asynchronous Control Signals Information:
----------------------------------------
No asynchronous control signals found in this design

Timing Summary:
---------------
Speed Grade: -4

   Minimum period: 3.202ns (Maximum Frequency: 312.305MHz)
   Minimum input arrival time before clock: 4.015ns
   Maximum output required time after clock: 4.394ns
   Maximum combinational path delay: No path found

Timing Detail:
--------------
All values displayed in nanoseconds (ns)

=========================================================================
Timing constraint: Default period analysis for Clock 'clk'
  Clock period: 3.202ns (frequency: 312.305MHz)
  Total number of paths / destination ports: 41 / 17
-------------------------------------------------------------------------
Delay:               3.202ns (Levels of Logic = 1)
  Source:            L0/prev_rot_event (FF)
  Destination:       L0/led_7 (FF)
  Source Clock:      clk rising
  Destination Clock: clk rising

  Data Path: L0/prev_rot_event to L0/led_7
                                Gate     Net
    Cell:in->out      fanout   Delay   Delay  Logical Name (Net Name)
    ----------------------------------------  ------------
     FD:C->Q               1   0.591   0.595  L0/prev_rot_event (L0/prev_rot_event)
     LUT2:I0->O            8   0.704   0.757  L0/led_0_and00001 (L0/led_0_and0000)
     FDE:CE                    0.555          L0/led_2
    ----------------------------------------
    Total                      3.202ns (1.850ns logic, 1.352ns route)
                                       (57.8% logic, 42.2% route)

=========================================================================
Timing constraint: Default OFFSET IN BEFORE for Clock 'clk'
  Total number of paths / destination ports: 8 / 4
-------------------------------------------------------------------------
Offset:              4.015ns (Levels of Logic = 2)
  Source:            rota (PAD)
  Destination:       R0/rot_event (FF)
  Destination Clock: clk rising

  Data Path: rota to R0/rot_event
                                Gate     Net
    Cell:in->out      fanout   Delay   Delay  Logical Name (Net Name)
    ----------------------------------------  ------------
     IBUF:I->O             4   1.218   0.762  rota_IBUF (rota_IBUF)
     LUT2:I0->O            1   0.704   0.420  R0/rot_event_and00001 (R0/rot_event_and0000)
     FDSE:S                    0.911          R0/rot_event
    ----------------------------------------
    Total                      4.015ns (2.833ns logic, 1.182ns route)
                                       (70.6% logic, 29.4% route)

=========================================================================
Timing constraint: Default OFFSET OUT AFTER for Clock 'clk'
  Total number of paths / destination ports: 8 / 8
-------------------------------------------------------------------------
Offset:              4.394ns (Levels of Logic = 1)
  Source:            L0/led_7 (FF)
  Destination:       led<7> (PAD)
  Source Clock:      clk rising

  Data Path: L0/led_7 to led<7>
                                Gate     Net
    Cell:in->out      fanout   Delay   Delay  Logical Name (Net Name)
    ----------------------------------------  ------------
     FDE:C->Q              3   0.591   0.531  L0/led_7 (L0/led_7)
     OBUF:I->O                 3.272          led_7_OBUF (led<7>)
    ----------------------------------------
    Total                      4.394ns (3.863ns logic, 0.531ns route)
                                       (87.9% logic, 12.1% route)

=========================================================================


Total REAL time to Xst completion: 24.00 secs
Total CPU time to Xst completion: 8.07 secs
 
--> 


Total memory usage is 515716 kilobytes

Number of errors   :    0 (   0 filtered)
Number of warnings :    0 (   0 filtered)
Number of infos    :    0 (   0 filtered)

