#-----------------------------------------------------------
# PlanAhead v14.7 (64-bit)
# Build 321239 by xbuild on Fri Sep 27 19:24:36 MDT 2013
# Start of session at: Wed Feb 13 14:20:29 2019
# Process ID: 10830
# Log file: /users/btech/sanghi/CS220/Lab5_1/Rotor/planAhead_run_1/planAhead.log
# Journal file: /users/btech/sanghi/CS220/Lab5_1/Rotor/planAhead_run_1/planAhead.jou
#-----------------------------------------------------------
INFO: [Common 17-78] Attempting to get a license: PlanAhead
INFO: [Common 17-290] Got license for PlanAhead
INFO: [Common 17-86] Your PlanAhead license expires in -44 day(s)
INFO: [Device 21-36] Loading parts and site information from /opt/Xilinx/14.7/ISE_DS/PlanAhead/data/parts/arch.xml
Parsing RTL primitives file [/opt/Xilinx/14.7/ISE_DS/PlanAhead/data/parts/xilinx/rtl/prims/rtl_prims.xml]
Finished parsing RTL primitives file [/opt/Xilinx/14.7/ISE_DS/PlanAhead/data/parts/xilinx/rtl/prims/rtl_prims.xml]
start_gui
source /users/btech/sanghi/CS220/Lab5_1/Rotor/pa.fromHdl.tcl
# create_project -name Rotor -dir "/users/btech/sanghi/CS220/Lab5_1/Rotor/planAhead_run_1" -part xc3s500efg320-4
create_project: Time (s): cpu = 00:00:04 ; elapsed = 00:00:08 . Memory (MB): peak = 2669.488 ; gain = 19.145
# set_param project.pinAheadLayout yes
# set srcset [get_property srcset [current_run -impl]]
# set_property target_constrs_file "rotor_top.ucf" [current_fileset -constrset]
Adding file '/users/btech/sanghi/CS220/Lab5_1/Rotor/rotor_top.ucf' to fileset 'constrs_1'
# set hdlfile [add_files [list {Rotor.v}]]
# set_property file_type Verilog $hdlfile
# set_property library work $hdlfile
# set hdlfile [add_files [list {led_ripple.v}]]
# set_property file_type Verilog $hdlfile
# set_property library work $hdlfile
# set hdlfile [add_files [list {rotor_top.v}]]
# set_property file_type Verilog $hdlfile
# set_property library work $hdlfile
# set_property top rotor_top $srcset
# add_files [list {rotor_top.ucf}] -fileset [get_property constrset [current_run]]
# open_rtl_design -part xc3s500efg320-4
Using Verific elaboration
Parsing VHDL file "/opt/Xilinx/14.7/ISE_DS/PlanAhead/data/parts/xilinx/rtl/lib/synplify/synattr.vhd" into library synplify
Analyzing Verilog file "/users/btech/sanghi/CS220/Lab5_1/Rotor/Rotor.v" into library work
Analyzing Verilog file "/users/btech/sanghi/CS220/Lab5_1/Rotor/led_ripple.v" into library work
Analyzing Verilog file "/users/btech/sanghi/CS220/Lab5_1/Rotor/rotor_top.v" into library work
INFO: [Designutils 20-910] Reading macro library /opt/Xilinx/14.7/ISE_DS/PlanAhead/data/./parts/xilinx/spartan3e/spartan3e/hd_int_macros.edn
Parsing EDIF File [/opt/Xilinx/14.7/ISE_DS/PlanAhead/data/./parts/xilinx/spartan3e/spartan3e/hd_int_macros.edn]
Finished Parsing EDIF File [/opt/Xilinx/14.7/ISE_DS/PlanAhead/data/./parts/xilinx/spartan3e/spartan3e/hd_int_macros.edn]
Loading clock regions from /opt/Xilinx/14.7/ISE_DS/PlanAhead/data/parts/xilinx/spartan3e/spartan3e/xc3s500e/ClockRegion.xml
Loading clock buffers from /opt/Xilinx/14.7/ISE_DS/PlanAhead/data/parts/xilinx/spartan3e/spartan3e/xc3s500e/ClockBuffers.xml
Loading package from /opt/Xilinx/14.7/ISE_DS/PlanAhead/data/parts/xilinx/spartan3e/spartan3e/xc3s500e/fg320/Package.xml
Loading io standards from /opt/Xilinx/14.7/ISE_DS/PlanAhead/data/./parts/xilinx/spartan3e/IOStandards.xml
INFO: [Device 21-19] Loading pkg sso from /opt/Xilinx/14.7/ISE_DS/PlanAhead/data/parts/xilinx/spartan3e/spartan3e/xc3s500e/fg320/SSORules.xml
Loading list of drcs for the architecture : /opt/Xilinx/14.7/ISE_DS/PlanAhead/data/./parts/xilinx/spartan3e/spartan3e/drc.xml
INFO: [Timing 38-77] Reading timing library /opt/Xilinx/14.7/ISE_DS/PlanAhead/data/parts/xilinx/spartan3e/spartan3e/spartan3e-4.lib.
INFO: [Timing 38-34] Done reading timing library /opt/Xilinx/14.7/ISE_DS/PlanAhead/data/parts/xilinx/spartan3e/spartan3e/spartan3e-4.lib.
Parsing UCF File [/users/btech/sanghi/CS220/Lab5_1/Rotor/rotor_top.ucf]
Finished Parsing UCF File [/users/btech/sanghi/CS220/Lab5_1/Rotor/rotor_top.ucf]
INFO: [Project 1-111] Unisim Transformation Summary:
No Unisim elements were transformed.

Phase 0 | Netlist Checksum: da7f1b8c
open_rtl_design: Time (s): cpu = 00:00:13 ; elapsed = 00:00:07 . Memory (MB): peak = 2791.465 ; gain = 118.973
update_compile_order -fileset sim_1
startgroup
set_property package_pin F12 [get_ports {led[0]}]
endgroup
startgroup
set_property package_pin E12 [get_ports {led[1]}]
endgroup
startgroup
set_property package_pin E11 [get_ports {led[2]}]
endgroup
startgroup
set_property package_pin F11 [get_ports {led[3]}]
endgroup
startgroup
set_property package_pin C11 [get_ports {led[4]}]
endgroup
startgroup
set_property package_pin D11 [get_ports {led[5]}]
endgroup
startgroup
set_property package_pin E9 [get_ports {led[6]}]
endgroup
startgroup
set_property package_pin F9 [get_ports {led[7]}]
endgroup
set_property iostandard LVTTL [get_ports [list {led[7]} {led[6]} {led[5]} {led[4]} {led[3]} {led[2]} {led[1]} {led[0]}]]
set_property drive 8 [get_ports [list {led[7]} {led[6]} {led[5]} {led[4]} {led[3]} {led[2]} {led[1]} {led[0]}]]
startgroup
set_property package_pin C9 [get_ports clk]
endgroup
set_property iostandard LVCMOS33 [get_ports [list clk]]
startgroup
set_property package_pin K18 [get_ports rota]
endgroup
set_property iostandard LVTTL [get_ports [list rota]]
set_property pulltype PULLUP [get_ports [list rota]]
startgroup
set_property package_pin V16 [get_ports rotb]
endgroup
set_property iostandard LVTTL [get_ports [list rotb]]
set_property pulltype PULLUP [get_ports [list rotb]]
save_constraints
exit
ERROR: [#UNDEF] *** Exception: ui.h.b: Found deleted key in HTclEventBroker. Verify if the classes listed here call cleanup()
HTclEvent: SIGNAL_BUS_MODIFY   Classes: ui.views.aR 
HTclEvent: DEBUG_PORT_CONFIG_CHANGE   Classes: ui.views.aR 
HTclEvent: SIGNAL_MODIFY   Classes: ui.views.aR 
HTclEvent: DEBUG_CORE_CONFIG_CHANGE   Classes: ui.views.aR 
 (See /users/btech/sanghi/CS220/Lab5_1/Rotor/planAhead_pid10830.debug)
ERROR: [Common 17-39] 'stop_gui' failed due to earlier errors.
INFO: [Common 17-206] Exiting PlanAhead at Wed Feb 13 14:23:30 2019...
INFO: [Common 17-83] Releasing license: PlanAhead
