
****** PlanAhead v14.7 (64-bit)
  **** Build 321239 by xbuild on Fri Sep 27 19:24:36 MDT 2013
    ** Copyright 1986-1999, 2001-2013 Xilinx, Inc. All Rights Reserved.

INFO: [Common 17-78] Attempting to get a license: PlanAhead
INFO: [Common 17-290] Got license for PlanAhead
INFO: [Common 17-86] Your PlanAhead license expires in -86 day(s)
INFO: [Device 21-36] Loading parts and site information from /opt/Xilinx/14.7/ISE_DS/PlanAhead/data/parts/arch.xml
Parsing RTL primitives file [/opt/Xilinx/14.7/ISE_DS/PlanAhead/data/parts/xilinx/rtl/prims/rtl_prims.xml]
Finished parsing RTL primitives file [/opt/Xilinx/14.7/ISE_DS/PlanAhead/data/parts/xilinx/rtl/prims/rtl_prims.xml]
start_gui
source /users/btech/sanghi/CS220/Lab8_1/Mini_Processor/pa.fromHdl.tcl
# create_project -name Mini_Processor -dir "/users/btech/sanghi/CS220/Lab8_1/Mini_Processor/planAhead_run_2" -part xc3s500efg320-4
# set_param project.pinAheadLayout yes
# set srcset [get_property srcset [current_run -impl]]
# set_property target_constrs_file "processor_top.ucf" [current_fileset -constrset]
Adding file '/users/btech/sanghi/CS220/Lab8_1/Mini_Processor/processor_top.ucf' to fileset 'constrs_1'
# set hdlfile [add_files [list {lcd_driver.v}]]
# set_property file_type Verilog $hdlfile
# set_property library work $hdlfile
# set hdlfile [add_files [list {rotor.v}]]
# set_property file_type Verilog $hdlfile
# set_property library work $hdlfile
# set hdlfile [add_files [list {processor.v}]]
# set_property file_type Verilog $hdlfile
# set_property library work $hdlfile
# set hdlfile [add_files [list {processor_top.v}]]
# set_property file_type Verilog $hdlfile
# set_property library work $hdlfile
# set_property top processor_top $srcset
# add_files [list {processor_top.ucf}] -fileset [get_property constrset [current_run]]
# open_rtl_design -part xc3s500efg320-4
Using Verific elaboration
Parsing VHDL file "/opt/Xilinx/14.7/ISE_DS/PlanAhead/data/parts/xilinx/rtl/lib/synplify/synattr.vhd" into library synplify
Analyzing Verilog file "/users/btech/sanghi/CS220/Lab8_1/Mini_Processor/lcd_driver.v" into library work
Analyzing Verilog file "/users/btech/sanghi/CS220/Lab8_1/Mini_Processor/rotor.v" into library work
Analyzing Verilog file "/users/btech/sanghi/CS220/Lab8_1/Mini_Processor/processor.v" into library work
Analyzing Verilog file "/users/btech/sanghi/CS220/Lab8_1/Mini_Processor/processor_top.v" into library work
INFO: [Designutils 20-910] Reading macro library /opt/Xilinx/14.7/ISE_DS/PlanAhead/data/./parts/xilinx/spartan3e/spartan3e/hd_int_macros.edn
Parsing EDIF File [/opt/Xilinx/14.7/ISE_DS/PlanAhead/data/./parts/xilinx/spartan3e/spartan3e/hd_int_macros.edn]
Finished Parsing EDIF File [/opt/Xilinx/14.7/ISE_DS/PlanAhead/data/./parts/xilinx/spartan3e/spartan3e/hd_int_macros.edn]
Loading clock regions from /opt/Xilinx/14.7/ISE_DS/PlanAhead/data/parts/xilinx/spartan3e/spartan3e/xc3s500e/ClockRegion.xml
Loading clock buffers from /opt/Xilinx/14.7/ISE_DS/PlanAhead/data/parts/xilinx/spartan3e/spartan3e/xc3s500e/ClockBuffers.xml
Loading package from /opt/Xilinx/14.7/ISE_DS/PlanAhead/data/parts/xilinx/spartan3e/spartan3e/xc3s500e/fg320/Package.xml
Loading io standards from /opt/Xilinx/14.7/ISE_DS/PlanAhead/data/./parts/xilinx/spartan3e/IOStandards.xml
INFO: [Device 21-19] Loading pkg sso from /opt/Xilinx/14.7/ISE_DS/PlanAhead/data/parts/xilinx/spartan3e/spartan3e/xc3s500e/fg320/SSORules.xml
Loading list of drcs for the architecture : /opt/Xilinx/14.7/ISE_DS/PlanAhead/data/./parts/xilinx/spartan3e/spartan3e/drc.xml
INFO: [Timing 38-77] Reading timing library /opt/Xilinx/14.7/ISE_DS/PlanAhead/data/parts/xilinx/spartan3e/spartan3e/spartan3e-4.lib.
INFO: [Timing 38-34] Done reading timing library /opt/Xilinx/14.7/ISE_DS/PlanAhead/data/parts/xilinx/spartan3e/spartan3e/spartan3e-4.lib.
Parsing UCF File [/users/btech/sanghi/CS220/Lab8_1/Mini_Processor/processor_top.ucf]
Finished Parsing UCF File [/users/btech/sanghi/CS220/Lab8_1/Mini_Processor/processor_top.ucf]
INFO: [Project 1-111] Unisim Transformation Summary:
No Unisim elements were transformed.

Phase 0 | Netlist Checksum: de6c94fb
open_rtl_design: Time (s): cpu = 00:00:15 ; elapsed = 00:00:07 . Memory (MB): peak = 2845.629 ; gain = 152.754
update_compile_order -fileset sim_1
startgroup
set_property package_pin R15 [get_ports {data[0]}]
endgroup
set_property iostandard LVCMOS33 [get_ports [list {data[0]}]]
set_property drive 4 [get_ports [list {data[0]}]]
set_property drive 4 [get_ports [list {data[3]} {data[2]} {data[1]} {data[0]}]]
set_property iostandard LVCMOS25 [get_ports [list {data[2]}]]
set_property iostandard LVCMOS33 [get_ports [list {data[3]}]]
set_property iostandard LVCMOS33 [get_ports [list {data[3]} {data[2]} {data[1]} {data[0]}]]
startgroup
set_property package_pin R16 [get_ports {data[1]}]
endgroup
startgroup
set_property package_pin P17 [get_ports {data[2]}]
endgroup
startgroup
set_property package_pin M15 [get_ports {data[3]}]
endgroup
startgroup
set_property package_pin K17 [get_ports {PB[0]}]
endgroup
startgroup
set_property package_pin D18 [get_ports {PB[1]}]
endgroup
startgroup
set_property package_pin V4 [get_ports {PB[2]}]
endgroup
set_property iostandard LVTTL [get_ports [list {PB[2]} {PB[1]} {PB[0]}]]
set_property pulltype PULLDOWN [get_ports [list {PB[2]} {PB[1]} {PB[0]}]]
startgroup
set_property package_pin L13 [get_ports {y[0]}]
endgroup
startgroup
set_property package_pin L14 [get_ports {y[1]}]
endgroup
startgroup
set_property package_pin H18 [get_ports {y[2]}]
endgroup
startgroup
set_property package_pin N17 [get_ports {y[3]}]
endgroup
set_property iostandard LVTTL [get_ports [list {y[3]} {y[2]} {y[1]} {y[0]}]]
set_property pulltype PULLUP [get_ports [list {y[3]} {y[2]} {y[1]} {y[0]}]]
startgroup
set_property package_pin C9 [get_ports clk]
endgroup
set_property iostandard LVCMOS33 [get_ports [list clk]]
startgroup
set_property package_pin M18 [get_ports lcd_e]
endgroup
startgroup
set_property package_pin L18 [get_ports lcd_rs]
endgroup
startgroup
set_property package_pin L17 [get_ports lcd_w]
endgroup
set_property iostandard LVCMOS33 [get_ports [list lcd_e]]
set_property iostandard LVCMOS33 [get_ports [list lcd_rs]]
set_property iostandard LVCMOS33 [get_ports [list lcd_w]]
set_property drive 4 [get_ports [list lcd_e]]
set_property drive 4 [get_ports [list lcd_rs]]
set_property drive 4 [get_ports [list lcd_w]]
startgroup
set_property package_pin K18 [get_ports rota]
endgroup
startgroup
set_property package_pin G18 [get_ports rotb]
endgroup
set_property iostandard LVTTL [get_ports [list rota]]
set_property iostandard LVTTL [get_ports [list rotb]]
set_property pulltype PULLUP [get_ports [list rota]]
set_property pulltype PULLUP [get_ports [list rotb]]
save_constraints
save_constraints: Time (s): cpu = 00:00:01 ; elapsed = 00:00:05 . Memory (MB): peak = 2883.078 ; gain = 0.000
exit
ERROR: [Common 17-39] 'stop_gui' failed due to earlier errors.
INFO: [Common 17-206] Exiting PlanAhead at Wed Mar 27 13:30:10 2019...
INFO: [Common 17-83] Releasing license: PlanAhead
