#-----------------------------------------------------------
# PlanAhead v14.7 (64-bit)
# Build 321239 by xbuild on Fri Sep 27 19:24:36 MDT 2013
# Start of session at: Wed Mar  6 16:02:02 2019
# Process ID: 2818
# Log file: /users/btech/sanghi/CS220/Lab7_1/FSM/planAhead_run_1/planAhead.log
# Journal file: /users/btech/sanghi/CS220/Lab7_1/FSM/planAhead_run_1/planAhead.jou
#-----------------------------------------------------------
INFO: [Common 17-78] Attempting to get a license: PlanAhead
INFO: [Common 17-290] Got license for PlanAhead
INFO: [Common 17-86] Your PlanAhead license expires in -65 day(s)
INFO: [Device 21-36] Loading parts and site information from /opt/Xilinx/14.7/ISE_DS/PlanAhead/data/parts/arch.xml
Parsing RTL primitives file [/opt/Xilinx/14.7/ISE_DS/PlanAhead/data/parts/xilinx/rtl/prims/rtl_prims.xml]
Finished parsing RTL primitives file [/opt/Xilinx/14.7/ISE_DS/PlanAhead/data/parts/xilinx/rtl/prims/rtl_prims.xml]
start_gui
source /users/btech/sanghi/CS220/Lab7_1/FSM/pa.fromHdl.tcl
# create_project -name FSM -dir "/users/btech/sanghi/CS220/Lab7_1/FSM/planAhead_run_1" -part xc3s500efg320-4
create_project: Time (s): cpu = 00:00:04 ; elapsed = 00:00:06 . Memory (MB): peak = 2681.496 ; gain = 21.152
# set_param project.pinAheadLayout yes
# set srcset [get_property srcset [current_run -impl]]
# set_property target_constrs_file "FSM.ucf" [current_fileset -constrset]
Adding file '/users/btech/sanghi/CS220/Lab7_1/FSM/FSM.ucf' to fileset 'constrs_1'
# set hdlfile [add_files [list {FSM.v}]]
# set_property file_type Verilog $hdlfile
# set_property library work $hdlfile
# set_property top FSM $srcset
# add_files [list {FSM.ucf}] -fileset [get_property constrset [current_run]]
# open_rtl_design -part xc3s500efg320-4
Using Verific elaboration
Parsing VHDL file "/opt/Xilinx/14.7/ISE_DS/PlanAhead/data/parts/xilinx/rtl/lib/synplify/synattr.vhd" into library synplify
Analyzing Verilog file "/users/btech/sanghi/CS220/Lab7_1/FSM/FSM.v" into library work
INFO: [Designutils 20-910] Reading macro library /opt/Xilinx/14.7/ISE_DS/PlanAhead/data/./parts/xilinx/spartan3e/spartan3e/hd_int_macros.edn
Parsing EDIF File [/opt/Xilinx/14.7/ISE_DS/PlanAhead/data/./parts/xilinx/spartan3e/spartan3e/hd_int_macros.edn]
Finished Parsing EDIF File [/opt/Xilinx/14.7/ISE_DS/PlanAhead/data/./parts/xilinx/spartan3e/spartan3e/hd_int_macros.edn]
Loading clock regions from /opt/Xilinx/14.7/ISE_DS/PlanAhead/data/parts/xilinx/spartan3e/spartan3e/xc3s500e/ClockRegion.xml
Loading clock buffers from /opt/Xilinx/14.7/ISE_DS/PlanAhead/data/parts/xilinx/spartan3e/spartan3e/xc3s500e/ClockBuffers.xml
Loading package from /opt/Xilinx/14.7/ISE_DS/PlanAhead/data/parts/xilinx/spartan3e/spartan3e/xc3s500e/fg320/Package.xml
Loading io standards from /opt/Xilinx/14.7/ISE_DS/PlanAhead/data/./parts/xilinx/spartan3e/IOStandards.xml
INFO: [Device 21-19] Loading pkg sso from /opt/Xilinx/14.7/ISE_DS/PlanAhead/data/parts/xilinx/spartan3e/spartan3e/xc3s500e/fg320/SSORules.xml
Loading list of drcs for the architecture : /opt/Xilinx/14.7/ISE_DS/PlanAhead/data/./parts/xilinx/spartan3e/spartan3e/drc.xml
INFO: [Timing 38-77] Reading timing library /opt/Xilinx/14.7/ISE_DS/PlanAhead/data/parts/xilinx/spartan3e/spartan3e/spartan3e-4.lib.
INFO: [Timing 38-34] Done reading timing library /opt/Xilinx/14.7/ISE_DS/PlanAhead/data/parts/xilinx/spartan3e/spartan3e/spartan3e-4.lib.
Parsing UCF File [/users/btech/sanghi/CS220/Lab7_1/FSM/FSM.ucf]
Finished Parsing UCF File [/users/btech/sanghi/CS220/Lab7_1/FSM/FSM.ucf]
INFO: [Project 1-111] Unisim Transformation Summary:
No Unisim elements were transformed.

Phase 0 | Netlist Checksum: 6be3dc68
open_rtl_design: Time (s): cpu = 00:00:13 ; elapsed = 00:00:07 . Memory (MB): peak = 2800.789 ; gain = 116.289
update_compile_order -fileset sim_1
startgroup
set_property package_pin F12 [get_ports {led[0]}]
endgroup
startgroup
set_property package_pin E12 [get_ports {led[1]}]
endgroup
startgroup
set_property package_pin E11 [get_ports {led[2]}]
endgroup
startgroup
set_property package_pin F11 [get_ports {led[3]}]
endgroup
set_property iostandard LVTTL [get_ports [list {led[3]} {led[2]} {led[1]} {led[0]}]]
set_property drive 8 [get_ports [list {led[3]} {led[2]} {led[1]} {led[0]}]]
startgroup
set_property package_pin L13 [get_ports {y[0]}]
endgroup
startgroup
set_property package_pin L14 [get_ports {y[1]}]
endgroup
set_property iostandard LVCMOS25 [get_ports [list {y[1]}]]
set_property iostandard LVTTL [get_ports [list {y[1]} {y[0]}]]
set_property pulltype PULLUP [get_ports [list {y[1]} {y[0]}]]
startgroup
set_property package_pin C9 [get_ports clk]
endgroup
set_property iostandard LVCMOS33 [get_ports [list clk]]
startgroup
set_property package_pin V16 [get_ports RPB]
endgroup
set_property iostandard LVTTL [get_ports [list RPB]]
set_property pulltype PULLDOWN [get_ports [list RPB]]
save_constraints
exit
ERROR: [#UNDEF] *** Exception: ui.h.b: Found deleted key in HTclEventBroker. Verify if the classes listed here call cleanup()
HTclEvent: SIGNAL_BUS_MODIFY   Classes: ui.views.aR 
HTclEvent: DEBUG_CORE_CONFIG_CHANGE   Classes: ui.views.aR 
HTclEvent: DEBUG_PORT_CONFIG_CHANGE   Classes: ui.views.aR 
HTclEvent: SIGNAL_MODIFY   Classes: ui.views.aR 
 (See /users/btech/sanghi/CS220/Lab7_1/FSM/planAhead_pid2818.debug)
ERROR: [Common 17-39] 'stop_gui' failed due to earlier errors.
INFO: [Common 17-206] Exiting PlanAhead at Wed Mar  6 16:05:15 2019...
INFO: [Common 17-83] Releasing license: PlanAhead
