Release 14.7 - xst P.20131013 (lin64)
Copyright (c) 1995-2013 Xilinx, Inc.  All rights reserved.
--> 
Parameter TMPDIR set to xst/projnav.tmp


Total REAL time to Xst completion: 0.00 secs
Total CPU time to Xst completion: 0.10 secs
 
--> 
Parameter xsthdpdir set to xst


Total REAL time to Xst completion: 0.00 secs
Total CPU time to Xst completion: 0.10 secs
 
--> 
Reading design: gridwalk_top.prj

TABLE OF CONTENTS
  1) Synthesis Options Summary
  2) HDL Compilation
  3) Design Hierarchy Analysis
  4) HDL Analysis
  5) HDL Synthesis
     5.1) HDL Synthesis Report
  6) Advanced HDL Synthesis
     6.1) Advanced HDL Synthesis Report
  7) Low Level Synthesis
  8) Partition Report
  9) Final Report
	9.1) Device utilization summary
	9.2) Partition Resource Summary
	9.3) TIMING REPORT


=========================================================================
*                      Synthesis Options Summary                        *
=========================================================================
---- Source Parameters
Input File Name                    : "gridwalk_top.prj"
Input Format                       : mixed
Ignore Synthesis Constraint File   : NO

---- Target Parameters
Output File Name                   : "gridwalk_top"
Output Format                      : NGC
Target Device                      : xc3s500e-4-fg320

---- Source Options
Top Module Name                    : gridwalk_top
Automatic FSM Extraction           : YES
FSM Encoding Algorithm             : Auto
Safe Implementation                : No
FSM Style                          : LUT
RAM Extraction                     : Yes
RAM Style                          : Auto
ROM Extraction                     : Yes
Mux Style                          : Auto
Decoder Extraction                 : YES
Priority Encoder Extraction        : Yes
Shift Register Extraction          : YES
Logical Shifter Extraction         : YES
XOR Collapsing                     : YES
ROM Style                          : Auto
Mux Extraction                     : Yes
Resource Sharing                   : YES
Asynchronous To Synchronous        : NO
Multiplier Style                   : Auto
Automatic Register Balancing       : No

---- Target Options
Add IO Buffers                     : YES
Global Maximum Fanout              : 100000
Add Generic Clock Buffer(BUFG)     : 24
Register Duplication               : YES
Slice Packing                      : YES
Optimize Instantiated Primitives   : NO
Use Clock Enable                   : Yes
Use Synchronous Set                : Yes
Use Synchronous Reset              : Yes
Pack IO Registers into IOBs        : Auto
Equivalent register Removal        : YES

---- General Options
Optimization Goal                  : Speed
Optimization Effort                : 1
Keep Hierarchy                     : No
Netlist Hierarchy                  : As_Optimized
RTL Output                         : Yes
Global Optimization                : AllClockNets
Read Cores                         : YES
Write Timing Constraints           : NO
Cross Clock Analysis               : NO
Hierarchy Separator                : /
Bus Delimiter                      : <>
Case Specifier                     : Maintain
Slice Utilization Ratio            : 100
BRAM Utilization Ratio             : 100
Verilog 2001                       : YES
Auto BRAM Packing                  : NO
Slice Utilization Ratio Delta      : 5

=========================================================================


=========================================================================
*                          HDL Compilation                              *
=========================================================================
Compiling verilog file "onebitadder.v" in library work
Compiling verilog file "rotor.v" in library work
Module <onebitadder> compiled
Compiling verilog file "gridwalk.v" in library work
Module <rotor> compiled
Compiling verilog file "gridwalk_top.v" in library work
Module <gridwalk> compiled
Module <gridwalk_top> compiled
No errors in compilation
Analysis of file <"gridwalk_top.prj"> succeeded.
 

=========================================================================
*                     Design Hierarchy Analysis                         *
=========================================================================
Analyzing hierarchy for module <gridwalk_top> in library <work>.

Analyzing hierarchy for module <rotor> in library <work>.

Analyzing hierarchy for module <gridwalk> in library <work>.

Analyzing hierarchy for module <onebitadder> in library <work>.


=========================================================================
*                            HDL Analysis                               *
=========================================================================
Analyzing top module <gridwalk_top>.
Module <gridwalk_top> is correct for synthesis.
 
Analyzing module <rotor> in library <work>.
Module <rotor> is correct for synthesis.
 
Analyzing module <gridwalk> in library <work>.
Module <gridwalk> is correct for synthesis.
 
Analyzing module <onebitadder> in library <work>.
Module <onebitadder> is correct for synthesis.
 

=========================================================================
*                           HDL Synthesis                               *
=========================================================================

Performing bidirectional port resolution...

Synthesizing Unit <rotor>.
    Related source file is "rotor.v".
    Found 1-bit register for signal <rot_event>.
    Summary:
	inferred   1 D-type flip-flop(s).
Unit <rotor> synthesized.


Synthesizing Unit <onebitadder>.
    Related source file is "onebitadder.v".
    Found 1-bit xor3 for signal <sum>.
    Found 1-bit xor2 for signal <cout$xor0000> created at line 28.
    Summary:
	inferred   1 Xor(s).
Unit <onebitadder> synthesized.


Synthesizing Unit <gridwalk>.
    Related source file is "gridwalk.v".
WARNING:Xst:646 - Signal <ysum<5>> is assigned but never used. This unconnected signal will be trimmed during the optimization process.
WARNING:Xst:646 - Signal <xsum<5>> is assigned but never used. This unconnected signal will be trimmed during the optimization process.
    Found 4x2-bit ROM for signal <COND_1$rom0000>.
    Found 4-bit register for signal <ledoldx>.
    Found 4-bit register for signal <ledoldy>.
    Found 1-bit register for signal <opx>.
    Found 1-bit register for signal <opy>.
    Found 1-bit register for signal <prev_rot_event>.
    Found 2-bit register for signal <xval>.
    Found 2-bit 4-to-1 multiplexer for signal <xval$mux0000> created at line 51.
    Found 2-bit register for signal <yval>.
    Found 2-bit 4-to-1 multiplexer for signal <yval$mux0000> created at line 51.
    Summary:
	inferred   1 ROM(s).
	inferred  15 D-type flip-flop(s).
	inferred   4 Multiplexer(s).
Unit <gridwalk> synthesized.


Synthesizing Unit <gridwalk_top>.
    Related source file is "gridwalk_top.v".
Unit <gridwalk_top> synthesized.


=========================================================================
HDL Synthesis Report

Macro Statistics
# ROMs                                                 : 1
 4x2-bit ROM                                           : 1
# Registers                                            : 8
 1-bit register                                        : 4
 2-bit register                                        : 2
 4-bit register                                        : 2
# Multiplexers                                         : 2
 2-bit 4-to-1 multiplexer                              : 2
# Xors                                                 : 20
 1-bit xor2                                            : 10
 1-bit xor3                                            : 10

=========================================================================

=========================================================================
*                       Advanced HDL Synthesis                          *
=========================================================================


=========================================================================
Advanced HDL Synthesis Report

Macro Statistics
# ROMs                                                 : 1
 4x2-bit ROM                                           : 1
# Registers                                            : 16
 Flip-Flops                                            : 16
# Multiplexers                                         : 2
 2-bit 4-to-1 multiplexer                              : 2
# Xors                                                 : 20
 1-bit xor2                                            : 10
 1-bit xor3                                            : 10

=========================================================================

=========================================================================
*                         Low Level Synthesis                           *
=========================================================================

Optimizing unit <gridwalk_top> ...

Optimizing unit <gridwalk> ...

Mapping all equations...
Building and optimizing final netlist ...
Found area constraint ratio of 100 (+ 5) on block gridwalk_top, actual ratio is 0.

Final Macro Processing ...

=========================================================================
Final Register Report

Macro Statistics
# Registers                                            : 16
 Flip-Flops                                            : 16

=========================================================================

=========================================================================
*                           Partition Report                            *
=========================================================================

Partition Implementation Status
-------------------------------

  No Partitions were found in this design.

-------------------------------

=========================================================================
*                            Final Report                               *
=========================================================================
Final Results
RTL Top Level Output File Name     : gridwalk_top.ngr
Top Level Output File Name         : gridwalk_top
Output Format                      : NGC
Optimization Goal                  : Speed
Keep Hierarchy                     : No

Design Statistics
# IOs                              : 15

Cell Usage :
# BELS                             : 54
#      GND                         : 1
#      LUT2                        : 9
#      LUT3                        : 4
#      LUT3_D                      : 2
#      LUT3_L                      : 2
#      LUT4                        : 24
#      LUT4_D                      : 1
#      LUT4_L                      : 3
#      MUXF5                       : 8
# FlipFlops/Latches                : 16
#      FD                          : 1
#      FDE                         : 14
#      FDSE                        : 1
# Clock Buffers                    : 1
#      BUFGP                       : 1
# IO Buffers                       : 14
#      IBUF                        : 6
#      OBUF                        : 8
=========================================================================

Device utilization summary:
---------------------------

Selected Device : 3s500efg320-4 

 Number of Slices:                       25  out of   4656     0%  
 Number of Slice Flip Flops:             16  out of   9312     0%  
 Number of 4 input LUTs:                 45  out of   9312     0%  
 Number of IOs:                          15
 Number of bonded IOBs:                  15  out of    232     6%  
 Number of GCLKs:                         1  out of     24     4%  

---------------------------
Partition Resource Summary:
---------------------------

  No Partitions were found in this design.

---------------------------


=========================================================================
TIMING REPORT

NOTE: THESE TIMING NUMBERS ARE ONLY A SYNTHESIS ESTIMATE.
      FOR ACCURATE TIMING INFORMATION PLEASE REFER TO THE TRACE REPORT
      GENERATED AFTER PLACE-and-ROUTE.

Clock Information:
------------------
-----------------------------------+------------------------+-------+
Clock Signal                       | Clock buffer(FF name)  | Load  |
-----------------------------------+------------------------+-------+
clk                                | BUFGP                  | 16    |
-----------------------------------+------------------------+-------+

Asynchronous Control Signals Information:
----------------------------------------
No asynchronous control signals found in this design

Timing Summary:
---------------
Speed Grade: -4

   Minimum period: 4.858ns (Maximum Frequency: 205.846MHz)
   Minimum input arrival time before clock: 3.875ns
   Maximum output required time after clock: 8.269ns
   Maximum combinational path delay: No path found

Timing Detail:
--------------
All values displayed in nanoseconds (ns)

=========================================================================
Timing constraint: Default period analysis for Clock 'clk'
  Clock period: 4.858ns (frequency: 205.846MHz)
  Total number of paths / destination ports: 185 / 23
-------------------------------------------------------------------------
Delay:               4.858ns (Levels of Logic = 3)
  Source:            G1/xval_1 (FF)
  Destination:       G1/ledoldx_1 (FF)
  Source Clock:      clk rising
  Destination Clock: clk rising

  Data Path: G1/xval_1 to G1/ledoldx_1
                                Gate     Net
    Cell:in->out      fanout   Delay   Delay  Logical Name (Net Name)
    ----------------------------------------  ------------
     FDE:C->Q             11   0.591   0.968  G1/xval_1 (G1/xval_1)
     LUT4:I2->O            1   0.704   0.424  G1/led_0_or000021_SW0 (N24)
     LUT4_D:I3->O          1   0.704   0.455  G1/led_0_or000021 (G1/N13)
     LUT4:I2->O            2   0.704   0.000  G1/led_1_or0000 (led_1_OBUF)
     FDE:D                     0.308          G1/ledoldx_1
    ----------------------------------------
    Total                      4.858ns (3.011ns logic, 1.847ns route)
                                       (62.0% logic, 38.0% route)

=========================================================================
Timing constraint: Default OFFSET IN BEFORE for Clock 'clk'
  Total number of paths / destination ports: 16 / 8
-------------------------------------------------------------------------
Offset:              3.875ns (Levels of Logic = 2)
  Source:            rota (PAD)
  Destination:       R1/rot_event (FF)
  Destination Clock: clk rising

  Data Path: rota to R1/rot_event
                                Gate     Net
    Cell:in->out      fanout   Delay   Delay  Logical Name (Net Name)
    ----------------------------------------  ------------
     IBUF:I->O             2   1.218   0.622  rota_IBUF (rota_IBUF)
     LUT2:I0->O            1   0.704   0.420  R1/rot_event_and00001 (R1/rot_event_and0000)
     FDSE:S                    0.911          R1/rot_event
    ----------------------------------------
    Total                      3.875ns (2.833ns logic, 1.042ns route)
                                       (73.1% logic, 26.9% route)

=========================================================================
Timing constraint: Default OFFSET OUT AFTER for Clock 'clk'
  Total number of paths / destination ports: 156 / 8
-------------------------------------------------------------------------
Offset:              8.269ns (Levels of Logic = 4)
  Source:            G1/xval_1 (FF)
  Destination:       led<1> (PAD)
  Source Clock:      clk rising

  Data Path: G1/xval_1 to led<1>
                                Gate     Net
    Cell:in->out      fanout   Delay   Delay  Logical Name (Net Name)
    ----------------------------------------  ------------
     FDE:C->Q             11   0.591   0.968  G1/xval_1 (G1/xval_1)
     LUT4:I2->O            1   0.704   0.424  G1/led_0_or000021_SW0 (N24)
     LUT4_D:I3->O          1   0.704   0.455  G1/led_0_or000021 (G1/N13)
     LUT4:I2->O            2   0.704   0.447  G1/led_1_or0000 (led_1_OBUF)
     OBUF:I->O                 3.272          led_1_OBUF (led<1>)
    ----------------------------------------
    Total                      8.269ns (5.975ns logic, 2.294ns route)
                                       (72.3% logic, 27.7% route)

=========================================================================


Total REAL time to Xst completion: 9.00 secs
Total CPU time to Xst completion: 6.51 secs
 
--> 


Total memory usage is 516704 kilobytes

Number of errors   :    0 (   0 filtered)
Number of warnings :   10 (   0 filtered)
Number of infos    :    0 (   0 filtered)

